pygeostat_saved_data
  4
x
y
grade
Cell Declustering Weight
349.00000 15.00000 20.98431   1.0213897    
231.00000 399.00000 10.38039  0.82228959    
386.00000 430.00000 19.35294  0.74021542    
151.00000 386.00000 23.83922  0.84502810    
50.00000 272.00000 27.10196  0.84778780    
76.00000 291.00000 17.51765  0.76727873    
162.00000 92.00000 11.80784   1.2216861    
286.00000 88.00000 33.42353  0.36966226    
144.00000 435.00000 28.52941  0.91063619    
252.00000 277.00000 21.59608   1.2222452    
467.00000 170.00000 36.07451   1.2495164    
395.00000 477.00000 17.51765  0.88018060    
198.00000 50.00000 11.80784  0.83742052    
85.00000 276.00000 13.43922  0.61416173    
254.00000 146.00000 41.58039  0.58398283    
436.00000 173.00000 36.07451  0.84826666    
380.00000 457.00000 16.09020  0.69152933    
496.00000 393.00000 26.49020   1.7467229    
491.00000 442.00000 26.08235   2.0673065    
71.00000 204.00000 31.38431  0.89443642    
429.00000 490.00000 25.47059  0.79701412    
204.00000 412.00000 18.53725  0.98689920    
380.00000 485.00000 18.94510   1.3437042    
412.00000 324.00000 20.98431  0.71177971    
85.00000 124.00000 11.80784  0.69674468    
382.00000 345.00000 28.73333  0.68256599    
341.00000 206.00000 43.82353  0.51349765    
199.00000 491.00000 32.20000   1.8973573    
330.00000 93.00000 34.44314  0.54969209    
49.00000 480.00000 22.81961  0.88023716    
93.00000 445.00000 37.09412  0.88675642    
458.00000 478.00000 31.99608  0.86536729    
384.00000 418.00000 18.53725  0.84946859    
359.00000 38.00000 36.48235  0.78908169    
247.00000 16.00000 46.27059  0.31998140    
234.00000 181.00000 41.58039  0.90919256    
423.00000 289.00000 33.01569  0.96992469    
11.00000 386.00000 33.01569   1.0142606    
380.00000 107.00000 33.01569  0.38818601    
94.00000 429.00000 28.12157  0.94738680    
191.00000 231.00000 21.59608  0.93305814    
428.00000 420.00000 17.10980   1.1616501    
51.00000 458.00000 22.61569  0.84140110    
16.00000 444.00000 25.26667  0.99655545    
362.00000 53.00000 27.91765  0.72756594    
83.00000 491.00000 26.28627   1.7089843    
478.00000 385.00000 30.36471   1.3160880    
191.00000 178.00000 35.25882   1.0387704    
347.00000 449.00000 10.78824  0.96425146    
141.00000 324.00000 13.23529   1.0090063    
217.00000 336.00000 15.88627  0.96269232    
162.00000 199.00000 22.41176  0.86453974    
34.00000 158.00000 21.39216   1.0129523    
26.00000 19.00000 28.52941  0.86230350    
145.00000 453.00000 31.18039  0.83213669    
139.00000 256.00000 17.10980   1.0325038    
18.00000 18.00000 29.95686  0.85852849    
42.00000 369.00000 30.97647   1.0391160    
451.00000 487.00000 30.97647  0.76259261    
219.00000 29.00000 27.71373  0.51749986    
143.00000 365.00000 19.55686  0.86336291    
1.00000 418.00000 26.69412  0.99101281    
156.00000 487.00000 31.79216   1.4481256    
313.00000 222.00000 45.86275  0.34503934    
189.00000 328.00000 28.52941   1.0366205    
390.00000 106.00000 42.80392  0.32245049    
239.00000 141.00000 40.35686  0.67003375    
2.00000 59.00000 30.56863   1.1608238    
319.00000 301.00000 35.25882  0.81936628    
310.00000 320.00000 16.90588  0.86858684    
462.00000 323.00000 32.60784   1.3342335    
115.00000 286.00000 13.23529  0.62177324    
249.00000 121.00000 35.25882  0.59680992    
168.00000 473.00000 30.97647  0.95984167    
199.00000 374.00000 12.62353  0.98498654    
484.00000 61.00000 33.62745   1.1338738    
386.00000 93.00000 46.47451  0.30930737    
138.00000 192.00000 16.70196   1.0649458    
455.00000 293.00000 35.66667   1.0452694    
340.00000 209.00000 44.23137  0.47818759    
55.00000 335.00000 27.10196   1.0635427    
441.00000 137.00000 39.74510  0.88185453    
457.00000 46.00000 46.88235  0.35438710    
87.00000 104.00000 11.60392  0.50208503    
384.00000 324.00000 29.95686  0.79062480    
297.00000 307.00000 17.31373  0.86804491    
287.00000 111.00000 31.18039  0.36645612    
74.00000 111.00000 12.21569  0.54488933    
129.00000 288.00000 13.64314  0.73053193    
229.00000 42.00000 26.49020  0.47502154    
427.00000 492.00000 25.06275  0.85005313    
204.00000 222.00000 30.16078  0.90338457    
384.00000 351.00000 34.03529  0.73136020    
24.00000 132.00000 22.00392   1.0536723    
84.00000 26.00000 4.87451   1.2371401    
455.00000 240.00000 32.20000  0.76910573    
90.00000 239.00000 15.07059  0.98084056    
21.00000 304.00000 30.97647   1.1231338    
299.00000 435.00000 15.27451   1.2058778    
231.00000 40.00000 32.20000  0.43480447    
367.00000 162.00000 29.75294   1.1229254    
101.00000 109.00000 12.21569  0.69799143    
304.00000 74.00000 47.29020  0.38029325    
245.00000 34.00000 37.90980  0.40637884    
64.00000 189.00000 11.80784  0.93270659    
465.00000 207.00000 24.45098  0.49464235    
324.00000 133.00000 17.72157  0.90386355    
254.00000 355.00000 14.25490   1.1490115    
470.00000 219.00000 46.06667  0.47877768    
134.00000 389.00000 24.45098  0.85434157    
92.00000 94.00000 13.23529  0.64581043    
170.00000 24.00000 12.82745   1.1357238    
410.00000 150.00000 38.72549  0.86935747    
247.00000 160.00000 40.15294  0.64472294    
285.00000 110.00000 31.18039  0.36391166    
49.00000 492.00000 20.16863   1.2136221    
99.00000 279.00000 12.82745  0.59191668    
462.00000 498.00000 33.83137   1.3610922    
70.00000 108.00000 10.38039  0.57887042    
417.00000 341.00000 20.78039  0.84157526    
22.00000 244.00000 19.76078   1.1621910    
267.00000 499.00000 8.13725   2.4581122    
255.00000 122.00000 35.66667  0.52650380    
325.00000 489.00000 12.82745   2.1615858    
252.00000 408.00000 13.03137   1.0145664    
0.00000 0.00000 32.20000   1.7327505    
0.00000 50.00000 30.16078   1.2339957    
0.00000 100.00000 25.47059   2.0295167    
0.00000 150.00000 33.01569   1.7926613    
0.00000 200.00000 25.87843   2.3201137    
0.00000 250.00000 25.26667   1.8151141    
0.00000 300.00000 29.34510   1.7534845    
0.00000 350.00000 33.62745   1.9779898    
0.00000 400.00000 30.77255   1.1724130    
0.00000 450.00000 27.71373   1.4706731    
50.00000 0.00000 28.52941   1.7678674    
50.00000 50.00000 18.33333   1.9047599    
50.00000 100.00000 6.50588   1.2653210    
50.00000 150.00000 8.13725   1.2097514    
50.00000 200.00000 8.13725   1.2602890    
50.00000 250.00000 13.43922   1.1585819    
50.00000 300.00000 27.71373  0.98933178    
50.00000 350.00000 29.54902   1.2292765    
50.00000 400.00000 28.12157   1.7696300    
50.00000 450.00000 24.04314  0.95672953    
100.00000 0.00000 9.15686   2.0806594    
100.00000 50.00000 10.99216   1.9266776    
100.00000 100.00000 11.60392  0.73250860    
100.00000 150.00000 13.64314   1.7895648    
100.00000 200.00000 13.84706   1.4622986    
100.00000 250.00000 17.51765  0.93899691    
100.00000 300.00000 10.78824  0.98366153    
100.00000 350.00000 13.84706   2.0209119    
100.00000 400.00000 24.85882   1.5963330    
100.00000 450.00000 42.39608   1.0268695    
150.00000 0.00000 13.23529   2.0251091    
150.00000 50.00000 12.62353   1.9386083    
150.00000 100.00000 11.80784   1.6346333    
150.00000 150.00000 18.53725   2.1696441    
150.00000 200.00000 14.25490   1.0329517    
150.00000 250.00000 19.96471   1.3903590    
150.00000 300.00000 17.10980   1.2796830    
150.00000 350.00000 26.08235   1.0459834    
150.00000 400.00000 30.97647   1.0030328    
150.00000 450.00000 30.16078  0.86193442    
200.00000 0.00000 15.88627   1.4326260    
200.00000 50.00000 13.64314  0.82315814    
200.00000 100.00000 28.12157   2.0992551    
200.00000 150.00000 33.21961   1.6584021    
200.00000 200.00000 40.76471  0.94380093    
200.00000 250.00000 23.83922   1.6299015    
200.00000 300.00000 18.12941   1.8902293    
200.00000 350.00000 14.05098   1.0639807    
200.00000 400.00000 19.96471   1.0032082    
200.00000 450.00000 24.85882   1.8530508    
250.00000 0.00000 47.49412  0.46303272    
250.00000 50.00000 33.21961  0.85394001    
250.00000 100.00000 36.68627   1.1467978    
250.00000 150.00000 41.58039  0.61518139    
250.00000 200.00000 42.80392   1.4360207    
250.00000 250.00000 34.64706   1.8142992    
250.00000 300.00000 18.53725   1.6743597    
250.00000 350.00000 15.07059   1.2151670    
250.00000 400.00000 10.99216   1.0112557    
250.00000 450.00000 8.54510   2.2537229    
300.00000 0.00000 44.84314   1.9550362    
300.00000 50.00000 28.93725  0.95131892    
300.00000 100.00000 45.25098  0.33313403    
300.00000 150.00000 39.54118   1.3011230    
300.00000 200.00000 45.25098  0.45140845    
300.00000 250.00000 43.41569   1.1794952    
300.00000 300.00000 21.39216  0.92241794    
300.00000 350.00000 15.07059   1.9316002    
300.00000 400.00000 13.43922   1.9827359    
300.00000 450.00000 13.43922   1.4324595    
350.00000 0.00000 43.61961   1.5147741    
350.00000 50.00000 30.97647  0.80876982    
350.00000 100.00000 41.98824  0.65829480    
350.00000 150.00000 19.96471   1.4110843    
350.00000 200.00000 43.82353  0.86690634    
350.00000 250.00000 46.67843  0.58881682    
350.00000 300.00000 39.54118   1.4155995    
350.00000 350.00000 19.55686   1.6944876    
350.00000 400.00000 13.84706   2.0670309    
350.00000 450.00000 12.01176  0.95163149    
400.00000 0.00000 35.46275   2.3973155    
400.00000 50.00000 44.84314   1.1991237    
400.00000 100.00000 46.47451  0.35534784    
400.00000 150.00000 38.92941  0.94208193    
400.00000 200.00000 24.65490   2.2070408    
400.00000 250.00000 24.65490   1.9004852    
400.00000 300.00000 31.79216   1.3074807    
400.00000 350.00000 23.02353  0.89017332    
400.00000 400.00000 24.45098   1.4974619    
400.00000 450.00000 21.80000  0.94992936    
450.00000 0.00000 34.85098   1.8679234    
450.00000 50.00000 46.88235  0.36861908    
450.00000 100.00000 43.00784   1.5344800    
450.00000 150.00000 39.13333   1.0713086    
450.00000 200.00000 25.06275  0.78789300    
450.00000 250.00000 33.21961   1.0675898    
450.00000 300.00000 19.76078  0.94067234    
450.00000 350.00000 19.55686   1.4829026    
450.00000 400.00000 24.45098   1.5828949    
450.00000 450.00000 18.53725   1.3734430    
247.00000 1.00000 47.08627  0.43997946    
247.00000 31.00000 37.09412  0.38044071    
232.00000 16.00000 38.11373  0.40243149    
262.00000 16.00000 47.08627  0.47771519    
313.00000 207.00000 46.27059  0.35753524    
313.00000 237.00000 45.25098  0.52252346    
298.00000 222.00000 43.61961  0.47077793    
328.00000 222.00000 41.17255  0.36309221    
386.00000 78.00000 42.19216  0.46768200    
386.00000 108.00000 36.07451  0.33366576    
371.00000 93.00000 42.39608  0.44317162    
401.00000 93.00000 44.23137  0.36360070    
457.00000 31.00000 45.45490  0.61606675    
457.00000 61.00000 46.88235  0.43324399    
442.00000 46.00000 47.69804  0.44763881    
472.00000 46.00000 39.54118  0.60609221    
304.00000 59.00000 47.29020  0.67385131    
304.00000 89.00000 43.82353  0.31931672    
289.00000 74.00000 46.27059  0.48034915    
319.00000 74.00000 42.80392  0.49416044    
470.00000 204.00000 30.56863  0.55640125    
470.00000 234.00000 47.49412  0.72029835    
455.00000 219.00000 28.52941  0.54661351    
485.00000 219.00000 45.86275   1.0251523    
250.00000 15.00000 47.08627  0.33761084    
235.00000 0.00000 35.46275  0.53598571    
265.00000 0.00000 41.78431  0.63423741    
300.00000 85.00000 46.06667  0.32312137    
300.00000 115.00000 31.58824  0.45736089    
285.00000 100.00000 36.27843  0.34942240    
315.00000 100.00000 33.62745  0.43395984    
300.00000 185.00000 46.06667  0.71172661    
300.00000 215.00000 45.45490  0.41628861    
285.00000 200.00000 45.25098  0.70144457    
315.00000 200.00000 44.84314  0.41392830    
350.00000 235.00000 46.67843  0.56163979    
350.00000 265.00000 46.06667  0.73409832    
335.00000 250.00000 42.60000  0.59422427    
365.00000 250.00000 34.64706  0.82011175    
400.00000 85.00000 48.10588  0.41630432    
400.00000 115.00000 33.83137  0.44436139    
385.00000 100.00000 43.00784  0.31270650    
415.00000 100.00000 46.06667  0.58270150    
450.00000 35.00000 45.65882  0.47751665    
450.00000 65.00000 46.88235  0.49173337    
435.00000 50.00000 47.69804  0.55353695    
465.00000 50.00000 45.65882  0.44486541    
