pygeostat_saved_data
2
Cell Size
Declustered Mean
  0.0000000        28.968748    
  30.000000        26.985426    
  33.400002        26.848965    
  36.800003        26.699389    
  40.200005        26.547138    
  43.600006        26.434645    
  47.000008        26.318186    
  50.400009        26.313044    
  53.800011        26.374083    
  57.200012        26.433083    
  60.600014        26.493492    
  64.000015        26.590458    
  67.400017        26.637260    
  70.800018        26.729496    
  74.200020        26.748621    
  77.600021        26.865643    
  81.000023        26.908323    
  84.400024        26.975430    
  87.800026        27.027020    
  91.200027        27.061296    
  94.600029        27.156328    
  98.000031        27.187578    
  101.40003        27.204483    
  104.80003        27.298714    
  108.20004        27.302805    
  111.60004        27.377985    
  115.00004        27.394159    
  118.40004        27.444313    
  121.80004        27.505154    
  125.20004        27.553505    
  128.60004        27.535820    
  132.00003        27.515972    
  135.40002        27.635944    
  138.80002        27.605867    
  142.20001        27.696421    
  145.60001        27.712355    
  149.00000        27.695387    
  152.39999        27.775093    
  155.79999        27.742599    
  159.19998        27.877207    
  162.59998        27.845583    
  165.99997        27.836374    
  169.39996        27.906691    
  172.79996        27.957911    
  176.19995        27.899626    
  179.59995        27.872583    
  182.99994        27.976795    
  186.39993        27.977449    
  189.79993        27.939657    
  193.19992        27.963064    
  196.59991        27.921087    
  199.99991        27.996386    
